# project  configured on Thu Nov 12 23:49:35 2015 by
# waf 1.7.11 (abi 98, python 2070af0 on darwin)
# using /usr/local/Cellar/pebble-sdk/3.6/Pebble/waf configure
#
----------------------------------------
Setting top to
/Users/cesleemontgomery/Desktop/Sandbox/side_projects/content-indicator-demo
----------------------------------------
Setting out to
/Users/cesleemontgomery/Desktop/Sandbox/side_projects/content-indicator-demo/build
----------------------------------------
Found Pebble SDK for chalk in:
/usr/local/Cellar/pebble-sdk/3.6/Pebble/chalk
----------------------------------------
Checking for program gcc,cc
arm-none-eabi-gcc
find program=['gcc', 'cc'] paths='' var='CC' -> 'arm-none-eabi-gcc'
----------------------------------------
Checking for program ar
arm-none-eabi-gcc-ar
find program=['ar'] paths='' var='AR' -> 'arm-none-eabi-gcc-ar'
----------------------------------------
Found Pebble SDK for basalt in:
/usr/local/Cellar/pebble-sdk/3.6/Pebble/basalt
----------------------------------------
Checking for program gcc,cc
arm-none-eabi-gcc
find program=['gcc', 'cc'] paths='' var='CC' -> 'arm-none-eabi-gcc'
----------------------------------------
Checking for program ar
arm-none-eabi-gcc-ar
find program=['ar'] paths='' var='AR' -> 'arm-none-eabi-gcc-ar'
